0 info it worked if it ends with ok
1 verbose cli [ '/usr/local/bin/node', '/usr/local/bin/npm', 'publish' ]
2 info using npm@1.4.14
3 info using node@v0.10.29
4 verbose publish [ '.' ]
5 verbose cache add [ '.', null ]
6 verbose cache add name=undefined spec="." args=[".",null]
7 verbose parsed url { protocol: null,
7 verbose parsed url   slashes: null,
7 verbose parsed url   auth: null,
7 verbose parsed url   host: null,
7 verbose parsed url   port: null,
7 verbose parsed url   hostname: null,
7 verbose parsed url   hash: null,
7 verbose parsed url   search: null,
7 verbose parsed url   query: null,
7 verbose parsed url   pathname: '.',
7 verbose parsed url   path: '.',
7 verbose parsed url   href: '.' }
8 silly lockFile 3a52ce78- .
9 verbose lock . /Users/dan/.npm/3a52ce78-.lock
10 verbose tar pack [ '/Users/dan/.npm/mnemo.js/0.0.1/package.tgz', '.' ]
11 verbose tarball /Users/dan/.npm/mnemo.js/0.0.1/package.tgz
12 verbose folder .
13 info prepublish mnemo.js@0.0.1
14 silly lockFile 1f1177db-tar tar://.
15 verbose lock tar://. /Users/dan/.npm/1f1177db-tar.lock
16 silly lockFile fc5d80bd-n-npm-mnemo-js-0-0-1-package-tgz tar:///Users/dan/.npm/mnemo.js/0.0.1/package.tgz
17 verbose lock tar:///Users/dan/.npm/mnemo.js/0.0.1/package.tgz /Users/dan/.npm/fc5d80bd-n-npm-mnemo-js-0-0-1-package-tgz.lock
18 silly lockFile 1f1177db-tar tar://.
19 silly lockFile 1f1177db-tar tar://.
20 silly lockFile fc5d80bd-n-npm-mnemo-js-0-0-1-package-tgz tar:///Users/dan/.npm/mnemo.js/0.0.1/package.tgz
21 silly lockFile fc5d80bd-n-npm-mnemo-js-0-0-1-package-tgz tar:///Users/dan/.npm/mnemo.js/0.0.1/package.tgz
22 silly lockFile eb979551-s-dan-npm-mnemo-js-0-0-1-package /Users/dan/.npm/mnemo.js/0.0.1/package
23 verbose lock /Users/dan/.npm/mnemo.js/0.0.1/package /Users/dan/.npm/eb979551-s-dan-npm-mnemo-js-0-0-1-package.lock
24 silly lockFile eb979551-s-dan-npm-mnemo-js-0-0-1-package /Users/dan/.npm/mnemo.js/0.0.1/package
25 silly lockFile eb979551-s-dan-npm-mnemo-js-0-0-1-package /Users/dan/.npm/mnemo.js/0.0.1/package
26 silly lockFile 3a52ce78- .
27 silly lockFile 3a52ce78- .
28 silly publish { name: 'mnemo.js',
28 silly publish   version: '0.0.1',
28 silly publish   description: 'A JavaScript implementation of Rufus::Mnemo (https://github.com/jmettraux/rufus-mnemo)',
28 silly publish   main: 'index.js',
28 silly publish   scripts: { test: 'echo "Error: no test specified" && exit 1' },
28 silly publish   repository: { type: 'git', url: 'https://github.com/nvite/mnemo.js' },
28 silly publish   keywords: [ 'mnemonic', 'hashing' ],
28 silly publish   author: { name: 'Dan Drinkard' },
28 silly publish   license: 'ISC',
28 silly publish   bugs: { url: 'https://github.com/nvite/mnemo.js/issues' },
28 silly publish   homepage: 'https://github.com/nvite/mnemo.js',
28 silly publish   readme: 'mnemo.js\n========\n\nA Javascript Implementation of Rufus::Mnemo\n',
28 silly publish   readmeFilename: 'README.md',
28 silly publish   gitHead: '645d25169c505cbf620560737faf3b4aade72c40',
28 silly publish   _id: 'mnemo.js@0.0.1',
28 silly publish   _shasum: 'cb8eb25051673461008f4229f6eda536569792f1',
28 silly publish   _from: '.' }
29 verbose url raw mnemo.js
30 verbose url resolving [ 'https://nvite.registry.nodejitsu.com/', './mnemo.js' ]
31 verbose url resolved https://nvite.registry.nodejitsu.com/mnemo.js
32 info trying registry request attempt 1 at 17:59:07
33 http PUT https://nvite.registry.nodejitsu.com/mnemo.js
34 http 400 https://nvite.registry.nodejitsu.com/mnemo.js
35 verbose headers { 'content-type': 'application/json',
35 verbose headers   date: 'Thu, 18 Dec 2014 22:59:08 GMT',
35 verbose headers   connection: 'keep-alive',
35 verbose headers   'transfer-encoding': 'chunked' }
36 error publish Failed PUT 400
37 error 404 404 Not Found: mnemo.js
37 error 404
37 error 404 'mnemo.js' is not in the npm registry.
37 error 404 You should bug the author to publish it
37 error 404
37 error 404 Maybe try 'npm search mnemo'
37 error 404
37 error 404 Note that you can also install from a
37 error 404 tarball, folder, or http url, or git url.
38 error System Darwin 14.0.0
39 error command "/usr/local/bin/node" "/usr/local/bin/npm" "publish"
40 error cwd /Users/dan/Code/nvite/mnemo.js
41 error node -v v0.10.29
42 error npm -v 1.4.14
43 error code E404
44 verbose exit [ 1, true ]
